<?xml version="1.0" encoding="UTF-8"?>
<!-- Generated by org.testng.reporters.JUnitReportReporter -->
<testsuite hostname="DESKTOP-MNK2190" failures="0" tests="2" name="trial.Parallel_dataProvider" time="4.116" errors="0" timestamp="2021-07-30T16:21:59 IST" skipped="0">
  <testcase classname="trial.Parallel_dataProvider" name="test" time="2.058"/>
  <system-out/>
  <testcase classname="trial.Parallel_dataProvider" name="test" time="2.058"/>
  <system-out/>
</testsuite> <!-- trial.Parallel_dataProvider -->
