<?xml version="1.0" encoding="UTF-8"?>
<!-- Generated by org.testng.reporters.JUnitReportReporter -->
<testsuite hostname="DESKTOP-MNK2190" failures="0" tests="2" name="trial.Case_1" time="0.007" errors="0" timestamp="2021-07-28T14:47:48 IST" skipped="0">
  <testcase classname="trial.Case_1" name="UserReg" time="0.002"/>
  <system-out/>
  <testcase classname="trial.Case_1" name="UserLogin" time="0.005"/>
  <system-out/>
</testsuite> <!-- trial.Case_1 -->
