<?xml version="1.0" encoding="UTF-8"?>
<!-- Generated by org.testng.reporters.JUnitReportReporter -->
<testsuite hostname="DESKTOP-MNK2190" failures="0" tests="2" name="trial.Parallel_execution" time="4.036" errors="0" timestamp="2021-07-30T21:01:59 IST" skipped="0">
  <testcase classname="trial.Parallel_execution" name="test" time="2.018"/>
  <system-out/>
  <testcase classname="trial.Parallel_execution" name="test" time="2.018"/>
  <system-out/>
</testsuite> <!-- trial.Parallel_execution -->
