<?xml version="1.0" encoding="UTF-8"?>
<!-- Generated by org.testng.reporters.JUnitReportReporter -->
<testsuite hostname="DESKTOP-MNK2190" failures="0" tests="2" name="orangeHRM.Tests_OHRM" time="8.477" errors="0" timestamp="2021-08-08T12:05:16 IST" skipped="0">
  <testcase classname="orangeHRM.Tests_OHRM" name="SelectFunctionality" time="5.331"/>
  <system-out/>
  <testcase classname="orangeHRM.Tests_OHRM" name="passwordReset" time="3.146"/>
  <system-out/>
</testsuite> <!-- orangeHRM.Tests_OHRM -->
