<?xml version="1.0" encoding="UTF-8"?>
<!-- Generated by org.testng.reporters.JUnitReportReporter -->
<testsuite hostname="DESKTOP-MNK2190" failures="0" tests="5" name="excel_utility_2.Login_Test" time="97.050" errors="0" timestamp="2021-08-05T11:08:47 IST" skipped="0">
  <testcase classname="excel_utility_2.Login_Test" name="login" time="43.750"/>
  <system-out/>
  <testcase classname="excel_utility_2.Login_Test" name="login" time="11.522"/>
  <system-out/>
  <testcase classname="excel_utility_2.Login_Test" name="login" time="15.709"/>
  <system-out/>
  <testcase classname="excel_utility_2.Login_Test" name="login" time="11.991"/>
  <system-out/>
  <testcase classname="excel_utility_2.Login_Test" name="login" time="14.078"/>
  <system-out/>
</testsuite> <!-- excel_utility_2.Login_Test -->
