<?xml version="1.0" encoding="UTF-8"?>
<!-- Generated by org.testng.reporters.JUnitReportReporter -->
<testsuite hostname="DESKTOP-MNK2190" failures="0" tests="3" name="trial.Invocation_multile" time="200.053" errors="0" timestamp="2021-08-11T14:14:21 IST" skipped="0">
  <testcase classname="trial.Invocation_multile" name="launch" time="81.833"/>
  <system-out/>
  <testcase classname="trial.Invocation_multile" name="launch" time="81.518"/>
  <system-out/>
  <testcase classname="trial.Invocation_multile" name="launch" time="36.702"/>
  <system-out/>
</testsuite> <!-- trial.Invocation_multile -->
