<?xml version="1.0" encoding="UTF-8"?>
<!-- Generated by org.testng.reporters.JUnitReportReporter -->
<testsuite hostname="DESKTOP-MNK2190" failures="0" tests="3" name="trial.Invocation_multile" time="66.469" errors="0" timestamp="2021-08-05T11:27:28 IST" skipped="0">
  <testcase classname="trial.Invocation_multile" name="launch" time="26.392"/>
  <system-out/>
  <testcase classname="trial.Invocation_multile" name="launch" time="13.685"/>
  <system-out/>
  <testcase classname="trial.Invocation_multile" name="launch" time="26.392"/>
  <system-out/>
</testsuite> <!-- trial.Invocation_multile -->
