<?xml version="1.0" encoding="UTF-8"?>
<!-- Generated by org.testng.reporters.JUnitReportReporter -->
<testsuite hostname="DESKTOP-MNK2190" failures="0" tests="5" name="excel_utility.Datadriven_test" time="284.811" errors="0" timestamp="2021-07-29T23:22:06 IST" skipped="0">
  <testcase classname="excel_utility.Datadriven_test" name="registration" time="66.437"/>
  <system-out/>
  <testcase classname="excel_utility.Datadriven_test" name="registration" time="48.691"/>
  <system-out/>
  <testcase classname="excel_utility.Datadriven_test" name="registration" time="31.386"/>
  <system-out/>
  <testcase classname="excel_utility.Datadriven_test" name="registration" time="93.221"/>
  <system-out/>
  <testcase classname="excel_utility.Datadriven_test" name="registration" time="45.076"/>
  <system-out/>
</testsuite> <!-- excel_utility.Datadriven_test -->
