<?xml version="1.0" encoding="UTF-8"?>
<!-- Generated by org.testng.reporters.JUnitReportReporter -->
<testsuite hostname="DESKTOP-MNK2190" failures="0" tests="2" name="parameterization.Test_parameterization" time="0.012" errors="0" timestamp="2021-07-28T16:36:44 IST" skipped="0">
  <testcase classname="parameterization.Test_parameterization" name="doLogin" time="0.003"/>
  <system-out/>
  <testcase classname="parameterization.Test_parameterization" name="doLogin" time="0.009"/>
  <system-out/>
</testsuite> <!-- parameterization.Test_parameterization -->
