<?xml version="1.0" encoding="UTF-8"?>
<!-- Generated by org.testng.reporters.JUnitReportReporter -->
<testsuite hostname="DESKTOP-MNK2190" failures="0" tests="4" name="parameterization.Multiple_dataProvider" time="0.022" errors="0" timestamp="2021-07-30T15:07:07 IST" skipped="0">
  <testcase classname="parameterization.Multiple_dataProvider" name="test2" time="0.006"/>
  <system-out/>
  <testcase classname="parameterization.Multiple_dataProvider" name="test1" time="0.012"/>
  <system-out/>
  <testcase classname="parameterization.Multiple_dataProvider" name="test1" time="0.002"/>
  <system-out/>
  <testcase classname="parameterization.Multiple_dataProvider" name="test2" time="0.002"/>
  <system-out/>
</testsuite> <!-- parameterization.Multiple_dataProvider -->
