<?xml version="1.0" encoding="UTF-8"?>
<!-- Generated by org.testng.reporters.JUnitReportReporter -->
<testsuite hostname="DESKTOP-MNK2190" failures="0" tests="2" name="TestCase.Case_1" time="0.021" errors="0" timestamp="2021-08-05T10:46:35 IST" skipped="0">
  <testcase classname="TestCase.Case_1" name="UserReg" time="0.014"/>
  <system-out/>
  <testcase classname="TestCase.Case_1" name="UserLogin" time="0.007"/>
  <system-out/>
</testsuite> <!-- TestCase.Case_1 -->
